<?xml version="1.0" encoding="UTF-8"?>
<!-- Generated by org.testng.reporters.JUnitReportReporter -->
<testsuite hostname="LTIN252985" failures="0" tests="14" name="org.coursera.WebDevelopmentSearchTests" time="26.221" errors="0" timestamp="2022-01-05T16:29:51 IST" skipped="0">
  <testcase classname="org.coursera.WebDevelopmentSearchTests" name="verifyHomepageTitle" time="0.873"/>
  <system-out>
    <![CDATA[Coursera in India | Online Courses & Certificates From Top Institutions
Page Loaded Successfully
Screenshot captured successfully]]>
  </system-out>
  <testcase classname="org.coursera.WebDevelopmentSearchTests" name="searchWebDevelopment" time="8.771"/>
  <system-out>
    <![CDATA[Result page loaded correctly
Screenshot captured successfully]]>
  </system-out>
  <testcase classname="org.coursera.WebDevelopmentSearchTests" name="selectLevel" time="3.091"/>
  <system-out>
    <![CDATA[Beginner selected successfully]]>
  </system-out>
  <testcase classname="org.coursera.WebDevelopmentSearchTests" name="selectLanguage" time="0.372"/>
  <system-out>
    <![CDATA[English selected successfully]]>
  </system-out>
  <testcase classname="org.coursera.WebDevelopmentSearchTests" name="getFirstCourseName" time="1.404"/>
  <system-out>
    <![CDATA[First course name is - Introduction to Web Development]]>
  </system-out>
  <testcase classname="org.coursera.WebDevelopmentSearchTests" name="getSecondCourseName" time="0.063"/>
  <system-out>
    <![CDATA[Second course name is - Programming Foundations with JavaScript, HTML and CSS]]>
  </system-out>
  <testcase classname="org.coursera.WebDevelopmentSearchTests" name="getCourse1Page" time="3.621"/>
  <system-out>
    <![CDATA[Reached Course 1 Page
Screenshot captured successfully]]>
  </system-out>
  <testcase classname="org.coursera.WebDevelopmentSearchTests" name="getFirstCourseRating" time="1.987"/>
  <system-out>
    <![CDATA[First course rating is - 4.7
stars]]>
  </system-out>
  <testcase classname="org.coursera.WebDevelopmentSearchTests" name="getCourse1Duration" time="0.128"/>
  <system-out>
    <![CDATA[First course rating is - Approx. 22 hours to complete]]>
  </system-out>
  <testcase classname="org.coursera.WebDevelopmentSearchTests" name="backToResultPage" time="0.139"/>
  <system-out>
    <![CDATA[Reached Result Page Successfully]]>
  </system-out>
  <testcase classname="org.coursera.WebDevelopmentSearchTests" name="getCourse2Page" time="4.498"/>
  <system-out>
    <![CDATA[Reached Course 2 Page
Screenshot captured successfully]]>
  </system-out>
  <testcase classname="org.coursera.WebDevelopmentSearchTests" name="getSecondCourseRating" time="0.822"/>
  <system-out>
    <![CDATA[Second course rating is - 4.6
stars]]>
  </system-out>
  <testcase classname="org.coursera.WebDevelopmentSearchTests" name="getCourse2Duration" time="0.307"/>
  <system-out>
    <![CDATA[Second course rating is - Approx. 33 hours to complete]]>
  </system-out>
  <testcase classname="org.coursera.WebDevelopmentSearchTests" name="backToResultPage2" time="0.145"/>
  <system-out>
    <![CDATA[Reached Result Page Successfully]]>
  </system-out>
</testsuite> <!-- org.coursera.WebDevelopmentSearchTests -->
