<?xml version="1.0" encoding="UTF-8"?>
<!-- Generated by org.testng.reporters.JUnitReportReporter -->
<testsuite hostname="LTIN252985" failures="0" tests="6" name="org.coursera.ReadyToTransformTests" time="20.709" errors="0" timestamp="2022-01-05T16:29:51 IST" skipped="0">
  <testcase classname="org.coursera.ReadyToTransformTests" name="return2HomePage" time="5.253"/>
  <system-out>
    <![CDATA[Page Loaded Successfully]]>
  </system-out>
  <testcase classname="org.coursera.ReadyToTransformTests" name="reachForCampusPage" time="11.421"/>
  <system-out>
    <![CDATA[Reached Coursera for Campus]]>
  </system-out>
  <testcase classname="org.coursera.ReadyToTransformTests" name="getR2TForm" time="1.422"/>
  <system-out>
    <![CDATA[Ready To Transform form is available]]>
  </system-out>
  <testcase classname="org.coursera.ReadyToTransformTests" name="fillR2TForm" time="1.766"/>
  <system-out>
    <![CDATA[Ready To Transform form filled successfully]]>
  </system-out>
  <testcase classname="org.coursera.ReadyToTransformTests" name="getErrorMsg" time="0.842"/>
  <system-out>
    <![CDATA[Error Message : Must be valid email.
example@yourdomain.com
Screenshot captured successfully]]>
  </system-out>
  <testcase classname="org.coursera.ReadyToTransformTests" name="verifyErrorMsg" time="0.005"/>
  <system-out>
    <![CDATA[Error Message is correct]]>
  </system-out>
</testsuite> <!-- org.coursera.ReadyToTransformTests -->
