<?xml version="1.0" encoding="UTF-8"?>
<!-- Generated by org.testng.reporters.JUnitReportReporter -->
<testsuite hostname="LTIN252985" failures="0" tests="4" name="org.coursera.LanguageLearningSearchTests" time="20.678" errors="0" timestamp="2022-01-05T16:29:51 IST" skipped="0">
  <testcase classname="org.coursera.LanguageLearningSearchTests" name="returnHomePage" time="5.725"/>
  <system-out>
    <![CDATA[Page Loaded Successfully]]>
  </system-out>
  <testcase classname="org.coursera.LanguageLearningSearchTests" name="searchLangLearn" time="8.759"/>
  <system-out>
    <![CDATA[Result page loaded correctly
Screenshot captured successfully]]>
  </system-out>
  <testcase classname="org.coursera.LanguageLearningSearchTests" name="langFilter" time="5.621"/>
  <system-out>
    <![CDATA[English
(1182)
Russian
(624)
Spanish
(614)
French
(570)
Portuguese (Portugal)
(547)
German
(481)
Arabic
(479)
Vietnamese
(472)
Italian
(460)
Korean
(137)
Chinese (China)
(118)
Portuguese (Brazil)
(66)
Turkish
(55)
Japanese
(53)
Persian
(42)
Chinese (Traditional)
(23)
Greek
(21)
Ukrainian
(18)
Thai
(17)
Hindi
(13)
Afrikaans
(12)
Urdu
(12)
Polish
(8)
Dutch
(7)
Hebrew
(7)
Hungarian
(7)
Catalan
(6)
Indonesian
(6)
Mongolian
(6)
Romanian
(6)
Javanese
(5)
Portuguese
(5)
Serbian
(5)
Slovak
(5)
Tamil
(5)
Albanian
(4)
Bengali
(4)
Czech
(3)
Estonian
(3)
Swedish
(3)
Telugu
(3)
Burmese
(2)
Georgian
(2)
Lithuanian
(2)
Uzbek
(2)
Bulgarian
(1)
Kazakh
(1)
Marathi
(1)
Nepali
(1)
Russian (Russia)
(1)
Screenshot captured successfully]]>
  </system-out>
  <testcase classname="org.coursera.LanguageLearningSearchTests" name="levelFilter" time="0.573"/>
  <system-out>
    <![CDATA[Intermediate
(563)
Beginner
(522)
Mixed
(161)
Advanced
(70)
Clear
Screenshot captured successfully]]>
  </system-out>
</testsuite> <!-- org.coursera.LanguageLearningSearchTests -->
